<?xml version="1.0" encoding="UTF-8"?>
<testsuite xmlns:xsi="http://www.w3.org/2001/XMLSchema-instance" xsi:noNamespaceSchemaLocation="https://maven.apache.org/surefire/maven-surefire-plugin/xsd/surefire-test-report-3.0.xsd" version="3.0" name="TestSuite" time="5.311" tests="3" errors="0" skipped="0" failures="1">
  <properties>
    <property name="java.specification.version" value="16"/>
    <property name="sun.cpu.isalist" value="amd64"/>
    <property name="sun.jnu.encoding" value="Cp1250"/>
    <property name="java.class.path" value="D:\Testowanie\ProjektyGIT\SeleniumCookbook\target\test-classes;D:\Testowanie\ProjektyGIT\SeleniumCookbook\target\classes;C:\Users\Zajruncyn\.m2\repository\javax\xml\bind\jaxb-api\2.3.1\jaxb-api-2.3.1.jar;C:\Users\Zajruncyn\.m2\repository\javax\activation\javax.activation-api\1.2.0\javax.activation-api-1.2.0.jar;C:\Users\Zajruncyn\.m2\repository\org\slf4j\slf4j-simple\1.7.36\slf4j-simple-1.7.36.jar;C:\Users\Zajruncyn\.m2\repository\org\slf4j\slf4j-api\1.7.36\slf4j-api-1.7.36.jar;C:\Users\Zajruncyn\.m2\repository\org\aspectj\aspectjweaver\1.9.9.1\aspectjweaver-1.9.9.1.jar;C:\Users\Zajruncyn\.m2\repository\io\qameta\allure\allure-testng\2.17.3\allure-testng-2.17.3.jar;C:\Users\Zajruncyn\.m2\repository\io\qameta\allure\allure-java-commons\2.17.3\allure-java-commons-2.17.3.jar;C:\Users\Zajruncyn\.m2\repository\io\qameta\allure\allure-model\2.17.3\allure-model-2.17.3.jar;C:\Users\Zajruncyn\.m2\repository\io\qameta\allure\allure-test-filter\2.17.3\allure-test-filter-2.17.3.jar;C:\Users\Zajruncyn\.m2\repository\org\seleniumhq\selenium\selenium-java\4.1.3\selenium-java-4.1.3.jar;C:\Users\Zajruncyn\.m2\repository\org\seleniumhq\selenium\selenium-api\4.1.3\selenium-api-4.1.3.jar;C:\Users\Zajruncyn\.m2\repository\org\seleniumhq\selenium\selenium-chrome-driver\4.1.3\selenium-chrome-driver-4.1.3.jar;C:\Users\Zajruncyn\.m2\repository\com\google\auto\service\auto-service-annotations\1.0.1\auto-service-annotations-1.0.1.jar;C:\Users\Zajruncyn\.m2\repository\com\google\auto\service\auto-service\1.0.1\auto-service-1.0.1.jar;C:\Users\Zajruncyn\.m2\repository\com\google\auto\auto-common\1.2\auto-common-1.2.jar;C:\Users\Zajruncyn\.m2\repository\com\google\guava\guava\31.1-jre\guava-31.1-jre.jar;C:\Users\Zajruncyn\.m2\repository\com\google\guava\failureaccess\1.0.1\failureaccess-1.0.1.jar;C:\Users\Zajruncyn\.m2\repository\com\google\guava\listenablefuture\9999.0-empty-to-avoid-conflict-with-guava\listenablefuture-9999.0-empty-to-avoid-conflict-with-guava.jar;C:\Users\Zajruncyn\.m2\repository\org\checkerframework\checker-qual\3.12.0\checker-qual-3.12.0.jar;C:\Users\Zajruncyn\.m2\repository\com\google\errorprone\error_prone_annotations\2.11.0\error_prone_annotations-2.11.0.jar;C:\Users\Zajruncyn\.m2\repository\com\google\j2objc\j2objc-annotations\1.3\j2objc-annotations-1.3.jar;C:\Users\Zajruncyn\.m2\repository\org\seleniumhq\selenium\selenium-chromium-driver\4.1.3\selenium-chromium-driver-4.1.3.jar;C:\Users\Zajruncyn\.m2\repository\org\seleniumhq\selenium\selenium-json\4.1.3\selenium-json-4.1.3.jar;C:\Users\Zajruncyn\.m2\repository\org\seleniumhq\selenium\selenium-devtools-v85\4.1.3\selenium-devtools-v85-4.1.3.jar;C:\Users\Zajruncyn\.m2\repository\org\seleniumhq\selenium\selenium-devtools-v97\4.1.3\selenium-devtools-v97-4.1.3.jar;C:\Users\Zajruncyn\.m2\repository\org\seleniumhq\selenium\selenium-devtools-v98\4.1.3\selenium-devtools-v98-4.1.3.jar;C:\Users\Zajruncyn\.m2\repository\org\seleniumhq\selenium\selenium-devtools-v99\4.1.3\selenium-devtools-v99-4.1.3.jar;C:\Users\Zajruncyn\.m2\repository\org\seleniumhq\selenium\selenium-edge-driver\4.1.3\selenium-edge-driver-4.1.3.jar;C:\Users\Zajruncyn\.m2\repository\org\seleniumhq\selenium\selenium-firefox-driver\4.1.3\selenium-firefox-driver-4.1.3.jar;C:\Users\Zajruncyn\.m2\repository\org\seleniumhq\selenium\selenium-ie-driver\4.1.3\selenium-ie-driver-4.1.3.jar;C:\Users\Zajruncyn\.m2\repository\org\seleniumhq\selenium\selenium-opera-driver\4.1.3\selenium-opera-driver-4.1.3.jar;C:\Users\Zajruncyn\.m2\repository\org\seleniumhq\selenium\selenium-remote-driver\4.1.3\selenium-remote-driver-4.1.3.jar;C:\Users\Zajruncyn\.m2\repository\io\netty\netty-buffer\4.1.75.Final\netty-buffer-4.1.75.Final.jar;C:\Users\Zajruncyn\.m2\repository\io\netty\netty-codec-http\4.1.75.Final\netty-codec-http-4.1.75.Final.jar;C:\Users\Zajruncyn\.m2\repository\io\netty\netty-codec\4.1.75.Final\netty-codec-4.1.75.Final.jar;C:\Users\Zajruncyn\.m2\repository\io\netty\netty-handler\4.1.75.Final\netty-handler-4.1.75.Final.jar;C:\Users\Zajruncyn\.m2\repository\io\netty\netty-common\4.1.75.Final\netty-common-4.1.75.Final.jar;C:\Users\Zajruncyn\.m2\repository\io\netty\netty-transport-classes-epoll\4.1.75.Final\netty-transport-classes-epoll-4.1.75.Final.jar;C:\Users\Zajruncyn\.m2\repository\io\netty\netty-transport-classes-kqueue\4.1.75.Final\netty-transport-classes-kqueue-4.1.75.Final.jar;C:\Users\Zajruncyn\.m2\repository\io\netty\netty-transport-native-epoll\4.1.75.Final\netty-transport-native-epoll-4.1.75.Final.jar;C:\Users\Zajruncyn\.m2\repository\io\netty\netty-transport-native-kqueue\4.1.75.Final\netty-transport-native-kqueue-4.1.75.Final.jar;C:\Users\Zajruncyn\.m2\repository\io\netty\netty-transport-native-unix-common\4.1.75.Final\netty-transport-native-unix-common-4.1.75.Final.jar;C:\Users\Zajruncyn\.m2\repository\io\netty\netty-transport\4.1.75.Final\netty-transport-4.1.75.Final.jar;C:\Users\Zajruncyn\.m2\repository\io\netty\netty-resolver\4.1.75.Final\netty-resolver-4.1.75.Final.jar;C:\Users\Zajruncyn\.m2\repository\io\opentelemetry\opentelemetry-api\1.12.0\opentelemetry-api-1.12.0.jar;C:\Users\Zajruncyn\.m2\repository\io\opentelemetry\opentelemetry-context\1.12.0\opentelemetry-context-1.12.0.jar;C:\Users\Zajruncyn\.m2\repository\io\opentelemetry\opentelemetry-exporter-logging\1.12.0\opentelemetry-exporter-logging-1.12.0.jar;C:\Users\Zajruncyn\.m2\repository\io\opentelemetry\opentelemetry-sdk-metrics\1.12.0-alpha\opentelemetry-sdk-metrics-1.12.0-alpha.jar;C:\Users\Zajruncyn\.m2\repository\io\opentelemetry\opentelemetry-sdk-logs\1.12.0-alpha\opentelemetry-sdk-logs-1.12.0-alpha.jar;C:\Users\Zajruncyn\.m2\repository\io\opentelemetry\opentelemetry-sdk-common\1.12.0\opentelemetry-sdk-common-1.12.0.jar;C:\Users\Zajruncyn\.m2\repository\io\opentelemetry\opentelemetry-sdk-extension-autoconfigure-spi\1.12.0\opentelemetry-sdk-extension-autoconfigure-spi-1.12.0.jar;C:\Users\Zajruncyn\.m2\repository\io\opentelemetry\opentelemetry-sdk-extension-autoconfigure\1.12.0-alpha\opentelemetry-sdk-extension-autoconfigure-1.12.0-alpha.jar;C:\Users\Zajruncyn\.m2\repository\io\opentelemetry\opentelemetry-sdk-trace\1.12.0\opentelemetry-sdk-trace-1.12.0.jar;C:\Users\Zajruncyn\.m2\repository\io\opentelemetry\opentelemetry-sdk\1.12.0\opentelemetry-sdk-1.12.0.jar;C:\Users\Zajruncyn\.m2\repository\io\opentelemetry\opentelemetry-semconv\1.12.0-alpha\opentelemetry-semconv-1.12.0-alpha.jar;C:\Users\Zajruncyn\.m2\repository\io\ous\jtoml\2.0.0\jtoml-2.0.0.jar;C:\Users\Zajruncyn\.m2\repository\net\bytebuddy\byte-buddy\1.12.8\byte-buddy-1.12.8.jar;C:\Users\Zajruncyn\.m2\repository\org\apache\commons\commons-exec\1.3\commons-exec-1.3.jar;C:\Users\Zajruncyn\.m2\repository\org\asynchttpclient\async-http-client\2.12.3\async-http-client-2.12.3.jar;C:\Users\Zajruncyn\.m2\repository\org\asynchttpclient\async-http-client-netty-utils\2.12.3\async-http-client-netty-utils-2.12.3.jar;C:\Users\Zajruncyn\.m2\repository\io\netty\netty-codec-socks\4.1.60.Final\netty-codec-socks-4.1.60.Final.jar;C:\Users\Zajruncyn\.m2\repository\io\netty\netty-handler-proxy\4.1.60.Final\netty-handler-proxy-4.1.60.Final.jar;C:\Users\Zajruncyn\.m2\repository\io\netty\netty-transport-native-epoll\4.1.60.Final\netty-transport-native-epoll-4.1.60.Final-linux-x86_64.jar;C:\Users\Zajruncyn\.m2\repository\io\netty\netty-transport-native-kqueue\4.1.60.Final\netty-transport-native-kqueue-4.1.60.Final-osx-x86_64.jar;C:\Users\Zajruncyn\.m2\repository\org\reactivestreams\reactive-streams\1.0.3\reactive-streams-1.0.3.jar;C:\Users\Zajruncyn\.m2\repository\com\typesafe\netty\netty-reactive-streams\2.0.4\netty-reactive-streams-2.0.4.jar;C:\Users\Zajruncyn\.m2\repository\com\sun\activation\jakarta.activation\1.2.2\jakarta.activation-1.2.2.jar;C:\Users\Zajruncyn\.m2\repository\org\seleniumhq\selenium\selenium-http\4.1.3\selenium-http-4.1.3.jar;C:\Users\Zajruncyn\.m2\repository\dev\failsafe\failsafe\3.2.3\failsafe-3.2.3.jar;C:\Users\Zajruncyn\.m2\repository\org\seleniumhq\selenium\selenium-safari-driver\4.1.3\selenium-safari-driver-4.1.3.jar;C:\Users\Zajruncyn\.m2\repository\org\seleniumhq\selenium\selenium-support\4.1.3\selenium-support-4.1.3.jar;C:\Users\Zajruncyn\.m2\repository\org\testng\testng\7.5\testng-7.5.jar;C:\Users\Zajruncyn\.m2\repository\com\google\code\findbugs\jsr305\3.0.1\jsr305-3.0.1.jar;C:\Users\Zajruncyn\.m2\repository\com\beust\jcommander\1.78\jcommander-1.78.jar;C:\Users\Zajruncyn\.m2\repository\org\webjars\jquery\3.5.1\jquery-3.5.1.jar;C:\Users\Zajruncyn\.m2\repository\org\assertj\assertj-core\3.22.0\assertj-core-3.22.0.jar;C:\Users\Zajruncyn\.m2\repository\org\apache\logging\log4j\log4j-core\2.17.2\log4j-core-2.17.2.jar;C:\Users\Zajruncyn\.m2\repository\org\apache\logging\log4j\log4j-api\2.17.2\log4j-api-2.17.2.jar;"/>
    <property name="java.vm.vendor" value="Oracle Corporation"/>
    <property name="sun.arch.data.model" value="64"/>
    <property name="user.variant" value=""/>
    <property name="java.vendor.url" value="https://java.oracle.com/"/>
    <property name="user.timezone" value="Europe/Warsaw"/>
    <property name="os.name" value="Windows 10"/>
    <property name="java.vm.specification.version" value="16"/>
    <property name="sun.java.launcher" value="SUN_STANDARD"/>
    <property name="user.country" value="PL"/>
    <property name="sun.boot.library.path" value="C:\Program Files\Java\jdk-16.0.1\bin"/>
    <property name="sun.java.command" value="C:\Users\Zajruncyn\AppData\Local\Temp\surefire3594293199105218174\surefirebooter2424482288969012807.jar C:\Users\Zajruncyn\AppData\Local\Temp\surefire3594293199105218174 2022-04-24T15-16-25_777-jvmRun1 surefire16826319432535835226tmp surefire_05604220217613448502tmp"/>
    <property name="jdk.debug" value="release"/>
    <property name="surefire.test.class.path" value="D:\Testowanie\ProjektyGIT\SeleniumCookbook\target\test-classes;D:\Testowanie\ProjektyGIT\SeleniumCookbook\target\classes;C:\Users\Zajruncyn\.m2\repository\javax\xml\bind\jaxb-api\2.3.1\jaxb-api-2.3.1.jar;C:\Users\Zajruncyn\.m2\repository\javax\activation\javax.activation-api\1.2.0\javax.activation-api-1.2.0.jar;C:\Users\Zajruncyn\.m2\repository\org\slf4j\slf4j-simple\1.7.36\slf4j-simple-1.7.36.jar;C:\Users\Zajruncyn\.m2\repository\org\slf4j\slf4j-api\1.7.36\slf4j-api-1.7.36.jar;C:\Users\Zajruncyn\.m2\repository\org\aspectj\aspectjweaver\1.9.9.1\aspectjweaver-1.9.9.1.jar;C:\Users\Zajruncyn\.m2\repository\io\qameta\allure\allure-testng\2.17.3\allure-testng-2.17.3.jar;C:\Users\Zajruncyn\.m2\repository\io\qameta\allure\allure-java-commons\2.17.3\allure-java-commons-2.17.3.jar;C:\Users\Zajruncyn\.m2\repository\io\qameta\allure\allure-model\2.17.3\allure-model-2.17.3.jar;C:\Users\Zajruncyn\.m2\repository\io\qameta\allure\allure-test-filter\2.17.3\allure-test-filter-2.17.3.jar;C:\Users\Zajruncyn\.m2\repository\org\seleniumhq\selenium\selenium-java\4.1.3\selenium-java-4.1.3.jar;C:\Users\Zajruncyn\.m2\repository\org\seleniumhq\selenium\selenium-api\4.1.3\selenium-api-4.1.3.jar;C:\Users\Zajruncyn\.m2\repository\org\seleniumhq\selenium\selenium-chrome-driver\4.1.3\selenium-chrome-driver-4.1.3.jar;C:\Users\Zajruncyn\.m2\repository\com\google\auto\service\auto-service-annotations\1.0.1\auto-service-annotations-1.0.1.jar;C:\Users\Zajruncyn\.m2\repository\com\google\auto\service\auto-service\1.0.1\auto-service-1.0.1.jar;C:\Users\Zajruncyn\.m2\repository\com\google\auto\auto-common\1.2\auto-common-1.2.jar;C:\Users\Zajruncyn\.m2\repository\com\google\guava\guava\31.1-jre\guava-31.1-jre.jar;C:\Users\Zajruncyn\.m2\repository\com\google\guava\failureaccess\1.0.1\failureaccess-1.0.1.jar;C:\Users\Zajruncyn\.m2\repository\com\google\guava\listenablefuture\9999.0-empty-to-avoid-conflict-with-guava\listenablefuture-9999.0-empty-to-avoid-conflict-with-guava.jar;C:\Users\Zajruncyn\.m2\repository\org\checkerframework\checker-qual\3.12.0\checker-qual-3.12.0.jar;C:\Users\Zajruncyn\.m2\repository\com\google\errorprone\error_prone_annotations\2.11.0\error_prone_annotations-2.11.0.jar;C:\Users\Zajruncyn\.m2\repository\com\google\j2objc\j2objc-annotations\1.3\j2objc-annotations-1.3.jar;C:\Users\Zajruncyn\.m2\repository\org\seleniumhq\selenium\selenium-chromium-driver\4.1.3\selenium-chromium-driver-4.1.3.jar;C:\Users\Zajruncyn\.m2\repository\org\seleniumhq\selenium\selenium-json\4.1.3\selenium-json-4.1.3.jar;C:\Users\Zajruncyn\.m2\repository\org\seleniumhq\selenium\selenium-devtools-v85\4.1.3\selenium-devtools-v85-4.1.3.jar;C:\Users\Zajruncyn\.m2\repository\org\seleniumhq\selenium\selenium-devtools-v97\4.1.3\selenium-devtools-v97-4.1.3.jar;C:\Users\Zajruncyn\.m2\repository\org\seleniumhq\selenium\selenium-devtools-v98\4.1.3\selenium-devtools-v98-4.1.3.jar;C:\Users\Zajruncyn\.m2\repository\org\seleniumhq\selenium\selenium-devtools-v99\4.1.3\selenium-devtools-v99-4.1.3.jar;C:\Users\Zajruncyn\.m2\repository\org\seleniumhq\selenium\selenium-edge-driver\4.1.3\selenium-edge-driver-4.1.3.jar;C:\Users\Zajruncyn\.m2\repository\org\seleniumhq\selenium\selenium-firefox-driver\4.1.3\selenium-firefox-driver-4.1.3.jar;C:\Users\Zajruncyn\.m2\repository\org\seleniumhq\selenium\selenium-ie-driver\4.1.3\selenium-ie-driver-4.1.3.jar;C:\Users\Zajruncyn\.m2\repository\org\seleniumhq\selenium\selenium-opera-driver\4.1.3\selenium-opera-driver-4.1.3.jar;C:\Users\Zajruncyn\.m2\repository\org\seleniumhq\selenium\selenium-remote-driver\4.1.3\selenium-remote-driver-4.1.3.jar;C:\Users\Zajruncyn\.m2\repository\io\netty\netty-buffer\4.1.75.Final\netty-buffer-4.1.75.Final.jar;C:\Users\Zajruncyn\.m2\repository\io\netty\netty-codec-http\4.1.75.Final\netty-codec-http-4.1.75.Final.jar;C:\Users\Zajruncyn\.m2\repository\io\netty\netty-codec\4.1.75.Final\netty-codec-4.1.75.Final.jar;C:\Users\Zajruncyn\.m2\repository\io\netty\netty-handler\4.1.75.Final\netty-handler-4.1.75.Final.jar;C:\Users\Zajruncyn\.m2\repository\io\netty\netty-common\4.1.75.Final\netty-common-4.1.75.Final.jar;C:\Users\Zajruncyn\.m2\repository\io\netty\netty-transport-classes-epoll\4.1.75.Final\netty-transport-classes-epoll-4.1.75.Final.jar;C:\Users\Zajruncyn\.m2\repository\io\netty\netty-transport-classes-kqueue\4.1.75.Final\netty-transport-classes-kqueue-4.1.75.Final.jar;C:\Users\Zajruncyn\.m2\repository\io\netty\netty-transport-native-epoll\4.1.75.Final\netty-transport-native-epoll-4.1.75.Final.jar;C:\Users\Zajruncyn\.m2\repository\io\netty\netty-transport-native-kqueue\4.1.75.Final\netty-transport-native-kqueue-4.1.75.Final.jar;C:\Users\Zajruncyn\.m2\repository\io\netty\netty-transport-native-unix-common\4.1.75.Final\netty-transport-native-unix-common-4.1.75.Final.jar;C:\Users\Zajruncyn\.m2\repository\io\netty\netty-transport\4.1.75.Final\netty-transport-4.1.75.Final.jar;C:\Users\Zajruncyn\.m2\repository\io\netty\netty-resolver\4.1.75.Final\netty-resolver-4.1.75.Final.jar;C:\Users\Zajruncyn\.m2\repository\io\opentelemetry\opentelemetry-api\1.12.0\opentelemetry-api-1.12.0.jar;C:\Users\Zajruncyn\.m2\repository\io\opentelemetry\opentelemetry-context\1.12.0\opentelemetry-context-1.12.0.jar;C:\Users\Zajruncyn\.m2\repository\io\opentelemetry\opentelemetry-exporter-logging\1.12.0\opentelemetry-exporter-logging-1.12.0.jar;C:\Users\Zajruncyn\.m2\repository\io\opentelemetry\opentelemetry-sdk-metrics\1.12.0-alpha\opentelemetry-sdk-metrics-1.12.0-alpha.jar;C:\Users\Zajruncyn\.m2\repository\io\opentelemetry\opentelemetry-sdk-logs\1.12.0-alpha\opentelemetry-sdk-logs-1.12.0-alpha.jar;C:\Users\Zajruncyn\.m2\repository\io\opentelemetry\opentelemetry-sdk-common\1.12.0\opentelemetry-sdk-common-1.12.0.jar;C:\Users\Zajruncyn\.m2\repository\io\opentelemetry\opentelemetry-sdk-extension-autoconfigure-spi\1.12.0\opentelemetry-sdk-extension-autoconfigure-spi-1.12.0.jar;C:\Users\Zajruncyn\.m2\repository\io\opentelemetry\opentelemetry-sdk-extension-autoconfigure\1.12.0-alpha\opentelemetry-sdk-extension-autoconfigure-1.12.0-alpha.jar;C:\Users\Zajruncyn\.m2\repository\io\opentelemetry\opentelemetry-sdk-trace\1.12.0\opentelemetry-sdk-trace-1.12.0.jar;C:\Users\Zajruncyn\.m2\repository\io\opentelemetry\opentelemetry-sdk\1.12.0\opentelemetry-sdk-1.12.0.jar;C:\Users\Zajruncyn\.m2\repository\io\opentelemetry\opentelemetry-semconv\1.12.0-alpha\opentelemetry-semconv-1.12.0-alpha.jar;C:\Users\Zajruncyn\.m2\repository\io\ous\jtoml\2.0.0\jtoml-2.0.0.jar;C:\Users\Zajruncyn\.m2\repository\net\bytebuddy\byte-buddy\1.12.8\byte-buddy-1.12.8.jar;C:\Users\Zajruncyn\.m2\repository\org\apache\commons\commons-exec\1.3\commons-exec-1.3.jar;C:\Users\Zajruncyn\.m2\repository\org\asynchttpclient\async-http-client\2.12.3\async-http-client-2.12.3.jar;C:\Users\Zajruncyn\.m2\repository\org\asynchttpclient\async-http-client-netty-utils\2.12.3\async-http-client-netty-utils-2.12.3.jar;C:\Users\Zajruncyn\.m2\repository\io\netty\netty-codec-socks\4.1.60.Final\netty-codec-socks-4.1.60.Final.jar;C:\Users\Zajruncyn\.m2\repository\io\netty\netty-handler-proxy\4.1.60.Final\netty-handler-proxy-4.1.60.Final.jar;C:\Users\Zajruncyn\.m2\repository\io\netty\netty-transport-native-epoll\4.1.60.Final\netty-transport-native-epoll-4.1.60.Final-linux-x86_64.jar;C:\Users\Zajruncyn\.m2\repository\io\netty\netty-transport-native-kqueue\4.1.60.Final\netty-transport-native-kqueue-4.1.60.Final-osx-x86_64.jar;C:\Users\Zajruncyn\.m2\repository\org\reactivestreams\reactive-streams\1.0.3\reactive-streams-1.0.3.jar;C:\Users\Zajruncyn\.m2\repository\com\typesafe\netty\netty-reactive-streams\2.0.4\netty-reactive-streams-2.0.4.jar;C:\Users\Zajruncyn\.m2\repository\com\sun\activation\jakarta.activation\1.2.2\jakarta.activation-1.2.2.jar;C:\Users\Zajruncyn\.m2\repository\org\seleniumhq\selenium\selenium-http\4.1.3\selenium-http-4.1.3.jar;C:\Users\Zajruncyn\.m2\repository\dev\failsafe\failsafe\3.2.3\failsafe-3.2.3.jar;C:\Users\Zajruncyn\.m2\repository\org\seleniumhq\selenium\selenium-safari-driver\4.1.3\selenium-safari-driver-4.1.3.jar;C:\Users\Zajruncyn\.m2\repository\org\seleniumhq\selenium\selenium-support\4.1.3\selenium-support-4.1.3.jar;C:\Users\Zajruncyn\.m2\repository\org\testng\testng\7.5\testng-7.5.jar;C:\Users\Zajruncyn\.m2\repository\com\google\code\findbugs\jsr305\3.0.1\jsr305-3.0.1.jar;C:\Users\Zajruncyn\.m2\repository\com\beust\jcommander\1.78\jcommander-1.78.jar;C:\Users\Zajruncyn\.m2\repository\org\webjars\jquery\3.5.1\jquery-3.5.1.jar;C:\Users\Zajruncyn\.m2\repository\org\assertj\assertj-core\3.22.0\assertj-core-3.22.0.jar;C:\Users\Zajruncyn\.m2\repository\org\apache\logging\log4j\log4j-core\2.17.2\log4j-core-2.17.2.jar;C:\Users\Zajruncyn\.m2\repository\org\apache\logging\log4j\log4j-api\2.17.2\log4j-api-2.17.2.jar;"/>
    <property name="allure.results.directory" value="D:\Testowanie\ProjektyGIT\SeleniumCookbook/target/allure-results"/>
    <property name="sun.cpu.endian" value="little"/>
    <property name="user.home" value="C:\Users\Zajruncyn"/>
    <property name="user.language" value="pl"/>
    <property name="java.specification.vendor" value="Oracle Corporation"/>
    <property name="java.version.date" value="2021-04-20"/>
    <property name="java.home" value="C:\Program Files\Java\jdk-16.0.1"/>
    <property name="file.separator" value="\"/>
    <property name="basedir" value="D:\Testowanie\ProjektyGIT\SeleniumCookbook"/>
    <property name="java.vm.compressedOopsMode" value="Zero based"/>
    <property name="line.separator" value="&#10;"/>
    <property name="java.vm.specification.vendor" value="Oracle Corporation"/>
    <property name="java.specification.name" value="Java Platform API Specification"/>
    <property name="surefire.real.class.path" value="C:\Users\Zajruncyn\AppData\Local\Temp\surefire3594293199105218174\surefirebooter2424482288969012807.jar"/>
    <property name="user.script" value=""/>
    <property name="sun.management.compiler" value="HotSpot 64-Bit Tiered Compilers"/>
    <property name="java.runtime.version" value="16.0.1+9-24"/>
    <property name="user.name" value="Zajruncyn"/>
    <property name="path.separator" value=";"/>
    <property name="otel.metrics.exporter" value="none"/>
    <property name="os.version" value="10.0"/>
    <property name="java.runtime.name" value="Java(TM) SE Runtime Environment"/>
    <property name="otel.traces.exporter" value="none"/>
    <property name="file.encoding" value="Cp1250"/>
    <property name="java.vm.name" value="Java HotSpot(TM) 64-Bit Server VM"/>
    <property name="localRepository" value="C:\Users\Zajruncyn\.m2\repository"/>
    <property name="java.vendor.url.bug" value="https://bugreport.java.com/bugreport/"/>
    <property name="java.io.tmpdir" value="C:\Users\ZAJRUN~1\AppData\Local\Temp\"/>
    <property name="java.version" value="16.0.1"/>
    <property name="user.dir" value="D:\Testowanie\ProjektyGIT\SeleniumCookbook"/>
    <property name="os.arch" value="amd64"/>
    <property name="java.vm.specification.name" value="Java Virtual Machine Specification"/>
    <property name="sun.os.patch.level" value=""/>
    <property name="java.library.path" value="C:\Program Files\Java\jdk-16.0.1\bin;C:\WINDOWS\Sun\Java\bin;C:\WINDOWS\system32;C:\WINDOWS;C:\Program Files\Common Files\Oracle\Java\javapath;C:\WINDOWS\system32;C:\WINDOWS;C:\WINDOWS\System32\Wbem;C:\WINDOWS\System32\WindowsPowerShell\v1.0\;C:\WINDOWS\System32\OpenSSH\;D:\Programy\Java JDK\bin;C:\Program Files (x86)\Bitvise SSH Client;C:\Program Files\SourceGear\Common\DiffMerge\;C:\Program Files\nodejs\;D:\Programy\Git\cmd;D:\Programy\apache-maven-3.8.2\bin;D:\Python\Scripts\;D:\Python\;C:\Users\Zajruncyn\AppData\Local\Microsoft\WindowsApps;C:\Program Files\Java\jdk-15.0.2\bin;D:\Programy\PyCharm Community Edition 2020.3.2\bin;C:\Users\Zajruncyn\AppData\Roaming\npm;D:\Programy\IntelliJ IDEA\bin;C:\Users\Zajruncyn\AppData\Local\GitHubDesktop\bin;."/>
    <property name="java.vm.info" value="mixed mode, sharing"/>
    <property name="java.vendor" value="Oracle Corporation"/>
    <property name="java.vm.version" value="16.0.1+9-24"/>
    <property name="sun.io.unicode.encoding" value="UnicodeLittle"/>
    <property name="java.class.version" value="60.0"/>
  </properties>
  <testcase name="asUserLoginUsingValidLoginAndPassword" classname="JavaStartSeleniumRozdzial_9.tests.PositiveLoginTests" time="0.838">
    <system-out><![CDATA[[INFO ] 2022-04-24 15:16:27.918 [TestNG-tests-3] JavaStartSeleniumRozdzial_9.configuration.PropertiesLoader - Trying to load properties with file name: configuration.properties
[INFO ] 2022-04-24 15:16:27.918 [TestNG-tests-1] JavaStartSeleniumRozdzial_9.configuration.PropertiesLoader - Trying to load properties with file name: configuration.properties
[INFO ] 2022-04-24 15:16:27.918 [TestNG-tests-2] JavaStartSeleniumRozdzial_9.configuration.PropertiesLoader - Trying to load properties with file name: configuration.properties
[INFO ] 2022-04-24 15:16:27.922 [TestNG-tests-3] JavaStartSeleniumRozdzial_9.configuration.PropertiesLoader - Successfully loaded properties for file: configuration.properties
[INFO ] 2022-04-24 15:16:27.922 [TestNG-tests-1] JavaStartSeleniumRozdzial_9.configuration.PropertiesLoader - Successfully loaded properties for file: configuration.properties
[INFO ] 2022-04-24 15:16:27.922 [TestNG-tests-2] JavaStartSeleniumRozdzial_9.configuration.PropertiesLoader - Successfully loaded properties for file: configuration.properties
[INFO ] 2022-04-24 15:16:30.522 [TestNG-tests-3] JavaStartSeleniumRozdzial_9.utils.testng.listeners.TestListener - Starting test: asNotLoggedInUserIShallNotProceedToCheckout
[INFO ] 2022-04-24 15:16:30.522 [TestNG-tests-2] JavaStartSeleniumRozdzial_9.utils.testng.listeners.TestListener - Starting test: asUserLoginUsingValidLoginAndPassword
[INFO ] 2022-04-24 15:16:30.522 [TestNG-tests-1] JavaStartSeleniumRozdzial_9.utils.testng.listeners.TestListener - Starting test: asUserTryToLogInWithIncorrectLoginAndPassword
[INFO ] 2022-04-24 15:16:30.552 [TestNG-tests-3] JavaStartSeleniumRozdzial_9.driver.listeners.DriverEventListener - Trying to find WebElement with locator By.cssSelector: #Content a
[INFO ] 2022-04-24 15:16:30.582 [TestNG-tests-3] JavaStartSeleniumRozdzial_9.driver.listeners.DriverEventListener - Found WebElement with locator By.cssSelector: #Content a
[INFO ] 2022-04-24 15:16:30.627 [TestNG-tests-3] JavaStartSeleniumRozdzial_9.driver.listeners.DriverEventListener - Trying to find WebElement with locator By.cssSelector: #Content a
[INFO ] 2022-04-24 15:16:30.663 [TestNG-tests-3] JavaStartSeleniumRozdzial_9.driver.listeners.DriverEventListener - Found WebElement with locator By.cssSelector: #Content a
[INFO ] 2022-04-24 15:16:30.679 [TestNG-tests-1] JavaStartSeleniumRozdzial_9.driver.listeners.DriverEventListener - Trying to find WebElement with locator By.name: username
[INFO ] 2022-04-24 15:16:30.679 [TestNG-tests-2] JavaStartSeleniumRozdzial_9.driver.listeners.DriverEventListener - Trying to find WebElement with locator By.name: username
[INFO ] 2022-04-24 15:16:30.691 [TestNG-tests-3] JavaStartSeleniumRozdzial_9.driver.listeners.DriverEventListener - Trying to find WebElement with locator By.cssSelector: #Content a
[INFO ] 2022-04-24 15:16:30.717 [TestNG-tests-1] JavaStartSeleniumRozdzial_9.driver.listeners.DriverEventListener - Found WebElement with locator By.name: username
[INFO ] 2022-04-24 15:16:30.717 [TestNG-tests-3] JavaStartSeleniumRozdzial_9.driver.listeners.DriverEventListener - Found WebElement with locator By.cssSelector: #Content a
[INFO ] 2022-04-24 15:16:30.718 [TestNG-tests-3] JavaStartSeleniumRozdzial_9.driver.listeners.DriverEventListener - Trying to click WebElement
[INFO ] 2022-04-24 15:16:30.718 [TestNG-tests-2] JavaStartSeleniumRozdzial_9.driver.listeners.DriverEventListener - Found WebElement with locator By.name: username
[INFO ] 2022-04-24 15:16:30.768 [TestNG-tests-1] JavaStartSeleniumRozdzial_9.driver.listeners.DriverEventListener - Trying to find WebElement with locator By.name: username
[INFO ] 2022-04-24 15:16:30.768 [TestNG-tests-2] JavaStartSeleniumRozdzial_9.driver.listeners.DriverEventListener - Trying to find WebElement with locator By.name: username
[INFO ] 2022-04-24 15:16:30.795 [TestNG-tests-1] JavaStartSeleniumRozdzial_9.driver.listeners.DriverEventListener - Found WebElement with locator By.name: username
[INFO ] 2022-04-24 15:16:30.795 [TestNG-tests-2] JavaStartSeleniumRozdzial_9.driver.listeners.DriverEventListener - Found WebElement with locator By.name: username
[INFO ] 2022-04-24 15:16:30.795 [TestNG-tests-2] JavaStartSeleniumRozdzial_9.driver.listeners.DriverEventListener - Trying to type text [j2ee]
[INFO ] 2022-04-24 15:16:30.795 [TestNG-tests-1] JavaStartSeleniumRozdzial_9.driver.listeners.DriverEventListener - Trying to type text [NotExistingLogin]
[INFO ] 2022-04-24 15:16:30.839 [TestNG-tests-2] JavaStartSeleniumRozdzial_9.driver.listeners.DriverEventListener - Typed text [j2ee]
[INFO ] 2022-04-24 15:16:30.841 [TestNG-tests-2] JavaStartSeleniumRozdzial_9.page.objects.LoginPage - Typed into User Name Field j2ee
[INFO ] 2022-04-24 15:16:30.841 [TestNG-tests-1] JavaStartSeleniumRozdzial_9.driver.listeners.DriverEventListener - Typed text [NotExistingLogin]
[INFO ] 2022-04-24 15:16:30.841 [TestNG-tests-2] JavaStartSeleniumRozdzial_9.driver.listeners.DriverEventListener - Trying to find WebElement with locator By.name: password
[INFO ] 2022-04-24 15:16:30.841 [TestNG-tests-1] JavaStartSeleniumRozdzial_9.page.objects.LoginPage - Typed into User Name Field NotExistingLogin
[INFO ] 2022-04-24 15:16:30.842 [TestNG-tests-1] JavaStartSeleniumRozdzial_9.driver.listeners.DriverEventListener - Trying to find WebElement with locator By.name: password
[INFO ] 2022-04-24 15:16:30.875 [TestNG-tests-1] JavaStartSeleniumRozdzial_9.driver.listeners.DriverEventListener - Found WebElement with locator By.name: password
[INFO ] 2022-04-24 15:16:30.875 [TestNG-tests-2] JavaStartSeleniumRozdzial_9.driver.listeners.DriverEventListener - Found WebElement with locator By.name: password
[INFO ] 2022-04-24 15:16:30.875 [TestNG-tests-1] JavaStartSeleniumRozdzial_9.driver.listeners.DriverEventListener - Trying to clear WebElement
[INFO ] 2022-04-24 15:16:30.875 [TestNG-tests-2] JavaStartSeleniumRozdzial_9.driver.listeners.DriverEventListener - Trying to clear WebElement
[INFO ] 2022-04-24 15:16:30.909 [TestNG-tests-3] JavaStartSeleniumRozdzial_9.driver.listeners.DriverEventListener - Clicked WebElement
[INFO ] 2022-04-24 15:16:30.909 [TestNG-tests-3] JavaStartSeleniumRozdzial_9.page.objects.LandingPage - Clicked on Enter Store link
[INFO ] 2022-04-24 15:16:30.913 [TestNG-tests-3] JavaStartSeleniumRozdzial_9.driver.listeners.DriverEventListener - Trying to find WebElement with locator By.cssSelector: a[href$="Id=FISH"]
[INFO ] 2022-04-24 15:16:30.919 [TestNG-tests-2] JavaStartSeleniumRozdzial_9.driver.listeners.DriverEventListener - Cleared WebElement [[RemoteWebDriver: chrome on WINDOWS (f5b3135dbcdebe2044fd840a5dc476dc)] -> name: password]
[INFO ] 2022-04-24 15:16:30.919 [TestNG-tests-1] JavaStartSeleniumRozdzial_9.driver.listeners.DriverEventListener - Cleared WebElement [[RemoteWebDriver: chrome on WINDOWS (f249460447bd9817f100214099de76c3)] -> name: password]
[INFO ] 2022-04-24 15:16:30.920 [TestNG-tests-2] JavaStartSeleniumRozdzial_9.driver.listeners.DriverEventListener - Trying to find WebElement with locator By.name: password
[INFO ] 2022-04-24 15:16:30.920 [TestNG-tests-1] JavaStartSeleniumRozdzial_9.driver.listeners.DriverEventListener - Trying to find WebElement with locator By.name: password
[INFO ] 2022-04-24 15:16:30.942 [TestNG-tests-1] JavaStartSeleniumRozdzial_9.driver.listeners.DriverEventListener - Found WebElement with locator By.name: password
[INFO ] 2022-04-24 15:16:30.942 [TestNG-tests-2] JavaStartSeleniumRozdzial_9.driver.listeners.DriverEventListener - Found WebElement with locator By.name: password
[INFO ] 2022-04-24 15:16:30.942 [TestNG-tests-1] JavaStartSeleniumRozdzial_9.driver.listeners.DriverEventListener - Trying to type text [NotProperPassword]
[INFO ] 2022-04-24 15:16:30.942 [TestNG-tests-2] JavaStartSeleniumRozdzial_9.driver.listeners.DriverEventListener - Trying to type text [j2ee]
[INFO ] 2022-04-24 15:16:30.942 [TestNG-tests-3] JavaStartSeleniumRozdzial_9.driver.listeners.DriverEventListener - Found WebElement with locator By.cssSelector: a[href$="Id=FISH"]
[INFO ] 2022-04-24 15:16:30.964 [TestNG-tests-3] JavaStartSeleniumRozdzial_9.driver.listeners.DriverEventListener - Trying to find WebElement with locator By.cssSelector: a[href$="Id=FISH"]
[INFO ] 2022-04-24 15:16:30.987 [TestNG-tests-2] JavaStartSeleniumRozdzial_9.driver.listeners.DriverEventListener - Typed text [j2ee]
[INFO ] 2022-04-24 15:16:30.987 [TestNG-tests-2] JavaStartSeleniumRozdzial_9.page.objects.LoginPage - Typed into Password Field j2ee
[INFO ] 2022-04-24 15:16:30.988 [TestNG-tests-2] JavaStartSeleniumRozdzial_9.driver.listeners.DriverEventListener - Trying to find WebElement with locator By.name: signon
[INFO ] 2022-04-24 15:16:30.992 [TestNG-tests-3] JavaStartSeleniumRozdzial_9.driver.listeners.DriverEventListener - Found WebElement with locator By.cssSelector: a[href$="Id=FISH"]
[INFO ] 2022-04-24 15:16:30.993 [TestNG-tests-1] JavaStartSeleniumRozdzial_9.driver.listeners.DriverEventListener - Typed text [NotProperPassword]
[INFO ] 2022-04-24 15:16:30.994 [TestNG-tests-1] JavaStartSeleniumRozdzial_9.page.objects.LoginPage - Typed into Password Field NotProperPassword
[INFO ] 2022-04-24 15:16:30.994 [TestNG-tests-1] JavaStartSeleniumRozdzial_9.driver.listeners.DriverEventListener - Trying to find WebElement with locator By.name: signon
[INFO ] 2022-04-24 15:16:31.009 [TestNG-tests-3] JavaStartSeleniumRozdzial_9.driver.listeners.DriverEventListener - Trying to find WebElement with locator By.cssSelector: a[href$="Id=FISH"]
[INFO ] 2022-04-24 15:16:31.019 [TestNG-tests-2] JavaStartSeleniumRozdzial_9.driver.listeners.DriverEventListener - Found WebElement with locator By.name: signon
[INFO ] 2022-04-24 15:16:31.019 [TestNG-tests-2] JavaStartSeleniumRozdzial_9.driver.listeners.DriverEventListener - Trying to click WebElement
[INFO ] 2022-04-24 15:16:31.021 [TestNG-tests-1] JavaStartSeleniumRozdzial_9.driver.listeners.DriverEventListener - Found WebElement with locator By.name: signon
[INFO ] 2022-04-24 15:16:31.021 [TestNG-tests-1] JavaStartSeleniumRozdzial_9.driver.listeners.DriverEventListener - Trying to click WebElement
[INFO ] 2022-04-24 15:16:31.032 [TestNG-tests-3] JavaStartSeleniumRozdzial_9.driver.listeners.DriverEventListener - Found WebElement with locator By.cssSelector: a[href$="Id=FISH"]
[INFO ] 2022-04-24 15:16:31.032 [TestNG-tests-3] JavaStartSeleniumRozdzial_9.driver.listeners.DriverEventListener - Trying to click WebElement
[INFO ] 2022-04-24 15:16:31.112 [TestNG-tests-3] JavaStartSeleniumRozdzial_9.driver.listeners.DriverEventListener - Clicked WebElement
[INFO ] 2022-04-24 15:16:31.112 [TestNG-tests-3] JavaStartSeleniumRozdzial_9.page.objects.AnimalsCategoryPage - Clicked on Fish button
[INFO ] 2022-04-24 15:16:31.116 [TestNG-tests-3] JavaStartSeleniumRozdzial_9.driver.listeners.DriverEventListener - Trying to find WebElement with locator By.cssSelector: a[href$="=FI-SW-01"]
[INFO ] 2022-04-24 15:16:31.138 [TestNG-tests-1] JavaStartSeleniumRozdzial_9.driver.listeners.DriverEventListener - Clicked WebElement
[INFO ] 2022-04-24 15:16:31.138 [TestNG-tests-1] JavaStartSeleniumRozdzial_9.page.objects.LoginPage - Clicked on Login Button
[INFO ] 2022-04-24 15:16:31.139 [TestNG-tests-1] JavaStartSeleniumRozdzial_9.page.objects.LoginPage - Checking if warning message Invalid username or password. Signon failed.XXX is displayed
[INFO ] 2022-04-24 15:16:31.139 [TestNG-tests-1] JavaStartSeleniumRozdzial_9.driver.listeners.DriverEventListener - Trying to find WebElement with locator By.cssSelector: #Content ul[class='messages'] li
[INFO ] 2022-04-24 15:16:31.149 [TestNG-tests-3] JavaStartSeleniumRozdzial_9.driver.listeners.DriverEventListener - Found WebElement with locator By.cssSelector: a[href$="=FI-SW-01"]
[INFO ] 2022-04-24 15:16:31.179 [TestNG-tests-1] JavaStartSeleniumRozdzial_9.driver.listeners.DriverEventListener - Found WebElement with locator By.cssSelector: #Content ul[class='messages'] li
[INFO ] 2022-04-24 15:16:31.182 [TestNG-tests-3] JavaStartSeleniumRozdzial_9.driver.listeners.DriverEventListener - Trying to find WebElement with locator By.cssSelector: a[href$="=FI-SW-01"]
[INFO ] 2022-04-24 15:16:31.211 [TestNG-tests-3] JavaStartSeleniumRozdzial_9.driver.listeners.DriverEventListener - Found WebElement with locator By.cssSelector: a[href$="=FI-SW-01"]
[INFO ] 2022-04-24 15:16:31.211 [TestNG-tests-3] JavaStartSeleniumRozdzial_9.driver.listeners.DriverEventListener - Trying to click WebElement
[INFO ] 2022-04-24 15:16:31.219 [TestNG-tests-2] JavaStartSeleniumRozdzial_9.driver.listeners.DriverEventListener - Clicked WebElement
[INFO ] 2022-04-24 15:16:31.220 [TestNG-tests-2] JavaStartSeleniumRozdzial_9.page.objects.LoginPage - Clicked on Login Button
[INFO ] 2022-04-24 15:16:31.220 [TestNG-tests-2] JavaStartSeleniumRozdzial_9.page.objects.FooterPage - Checking if dog banner is displayed
[INFO ] 2022-04-24 15:16:31.221 [TestNG-tests-2] JavaStartSeleniumRozdzial_9.driver.listeners.DriverEventListener - Trying to find WebElement with locator By.cssSelector: #Banner img[src*='dog']
[INFO ] 2022-04-24 15:16:31.253 [TestNG-tests-2] JavaStartSeleniumRozdzial_9.driver.listeners.DriverEventListener - Found WebElement with locator By.cssSelector: #Banner img[src*='dog']
[INFO ] 2022-04-24 15:16:31.277 [TestNG-tests-1] JavaStartSeleniumRozdzial_9.generic.assertions.AssertWebElement - Checking if element is displayed
[INFO ] 2022-04-24 15:16:31.277 [TestNG-tests-1] JavaStartSeleniumRozdzial_9.driver.listeners.DriverEventListener - Trying to find WebElement with locator By.cssSelector: #Content ul[class='messages'] li
[INFO ] 2022-04-24 15:16:31.281 [TestNG-tests-2] JavaStartSeleniumRozdzial_9.generic.assertions.AssertWebElement - Checking if element is displayed
[INFO ] 2022-04-24 15:16:31.282 [TestNG-tests-2] JavaStartSeleniumRozdzial_9.driver.listeners.DriverEventListener - Trying to find WebElement with locator By.cssSelector: #Banner img[src*='dog']
[INFO ] 2022-04-24 15:16:31.302 [TestNG-tests-1] JavaStartSeleniumRozdzial_9.driver.listeners.DriverEventListener - Found WebElement with locator By.cssSelector: #Content ul[class='messages'] li
[INFO ] 2022-04-24 15:16:31.305 [TestNG-tests-2] JavaStartSeleniumRozdzial_9.driver.listeners.DriverEventListener - Found WebElement with locator By.cssSelector: #Banner img[src*='dog']
[INFO ] 2022-04-24 15:16:31.315 [TestNG-tests-3] JavaStartSeleniumRozdzial_9.driver.listeners.DriverEventListener - Clicked WebElement
[INFO ] 2022-04-24 15:16:31.315 [TestNG-tests-3] JavaStartSeleniumRozdzial_9.page.objects.FishListPage - Clicked AngelfishID button
[INFO ] 2022-04-24 15:16:31.318 [TestNG-tests-3] JavaStartSeleniumRozdzial_9.driver.listeners.DriverEventListener - Trying to find WebElement with locator By.cssSelector: a.Button[href$="EST-1"]
[INFO ] 2022-04-24 15:16:31.325 [TestNG-tests-1] JavaStartSeleniumRozdzial_9.generic.assertions.AssertWebElement - WebElement was displayed!
[INFO ] 2022-04-24 15:16:31.325 [TestNG-tests-1] JavaStartSeleniumRozdzial_9.generic.assertions.AssertWebElement - Checking if WebElement has text: Invalid username or password. Signon failed.XXX
[INFO ] 2022-04-24 15:16:31.325 [TestNG-tests-2] JavaStartSeleniumRozdzial_9.generic.assertions.AssertWebElement - WebElement was displayed!
[INFO ] 2022-04-24 15:16:31.325 [TestNG-tests-1] JavaStartSeleniumRozdzial_9.driver.listeners.DriverEventListener - Trying to find WebElement with locator By.cssSelector: #Content ul[class='messages'] li
[INFO ] 2022-04-24 15:16:31.328 [TestNG-tests-2] JavaStartSeleniumRozdzial_9.utils.testng.listeners.TestListener - Test asUserLoginUsingValidLoginAndPassword passed successfully
]]></system-out>
    <system-err><![CDATA[kwi 24, 2022 3:16:28 PM org.openqa.selenium.remote.tracing.opentelemetry.OpenTelemetryTracer createTracer
INFO: Using OpenTelemetry for tracing
kwi 24, 2022 3:16:29 PM org.openqa.selenium.remote.ProtocolHandshake createSession
INFO: Detected dialect: W3C
kwi 24, 2022 3:16:29 PM org.openqa.selenium.remote.ProtocolHandshake createSession
INFO: Detected dialect: W3C
kwi 24, 2022 3:16:29 PM org.openqa.selenium.remote.ProtocolHandshake createSession
INFO: Detected dialect: W3C
]]></system-err>
  </testcase>
  <testcase name="asUserTryToLogInWithIncorrectLoginAndPassword" classname="JavaStartSeleniumRozdzial_9.tests.FailedLoginTests" time="1.103">
    <failure message="Element text was &lt;Invalid username or password. Signon failed.&gt; expecting to be &lt;Invalid username or password. Signon failed.XXX&gt;!" type="java.lang.AssertionError"><![CDATA[java.lang.AssertionError: Element text was <Invalid username or password. Signon failed.> expecting to be <Invalid username or password. Signon failed.XXX>!
	at JavaStartSeleniumRozdzial_9.page.objects.LoginPage.assertThatWarningIsDisplayed(LoginPage.java:63)
	at JavaStartSeleniumRozdzial_9.tests.FailedLoginTests.asUserTryToLogInWithIncorrectLoginAndPassword(FailedLoginTests.java:27)
	at java.base/jdk.internal.reflect.NativeMethodAccessorImpl.invoke0(Native Method)
	at java.base/jdk.internal.reflect.NativeMethodAccessorImpl.invoke(NativeMethodAccessorImpl.java:78)
	at java.base/jdk.internal.reflect.DelegatingMethodAccessorImpl.invoke(DelegatingMethodAccessorImpl.java:43)
	at java.base/java.lang.reflect.Method.invoke(Method.java:567)
	at org.testng.internal.invokers.MethodInvocationHelper.invokeMethod(MethodInvocationHelper.java:135)
	at org.testng.internal.invokers.TestInvoker.invokeMethod(TestInvoker.java:673)
	at org.testng.internal.invokers.TestInvoker.invokeTestMethod(TestInvoker.java:220)
	at org.testng.internal.invokers.MethodRunner.runInSequence(MethodRunner.java:50)
	at org.testng.internal.invokers.TestInvoker$MethodInvocationAgent.invoke(TestInvoker.java:945)
	at org.testng.internal.invokers.TestInvoker.invokeTestMethods(TestInvoker.java:193)
	at org.testng.internal.invokers.TestMethodWorker.invokeTestMethods(TestMethodWorker.java:146)
	at org.testng.internal.invokers.TestMethodWorker.run(TestMethodWorker.java:128)
	at java.base/java.util.ArrayList.forEach(ArrayList.java:1511)
	at org.testng.TestRunner.privateRun(TestRunner.java:808)
	at org.testng.TestRunner.run(TestRunner.java:603)
	at org.testng.SuiteRunner.runTest(SuiteRunner.java:429)
	at org.testng.SuiteRunner.access$000(SuiteRunner.java:32)
	at org.testng.SuiteRunner$SuiteWorker.run(SuiteRunner.java:467)
	at org.testng.internal.thread.ThreadUtil.lambda$execute$0(ThreadUtil.java:58)
	at java.base/java.util.concurrent.FutureTask.run(FutureTask.java:264)
	at java.base/java.util.concurrent.ThreadPoolExecutor.runWorker(ThreadPoolExecutor.java:1130)
	at java.base/java.util.concurrent.ThreadPoolExecutor$Worker.run(ThreadPoolExecutor.java:630)
	at java.base/java.lang.Thread.run(Thread.java:831)
]]></failure>
    <system-out><![CDATA[[INFO ] 2022-04-24 15:16:31.347 [TestNG-tests-3] JavaStartSeleniumRozdzial_9.driver.listeners.DriverEventListener - Found WebElement with locator By.cssSelector: a.Button[href$="EST-1"]
[INFO ] 2022-04-24 15:16:31.347 [TestNG-tests-1] JavaStartSeleniumRozdzial_9.driver.listeners.DriverEventListener - Found WebElement with locator By.cssSelector: #Content ul[class='messages'] li
[INFO ] 2022-04-24 15:16:31.376 [TestNG-tests-3] JavaStartSeleniumRozdzial_9.driver.listeners.DriverEventListener - Trying to find WebElement with locator By.cssSelector: a.Button[href$="EST-1"]
[INFO ] 2022-04-24 15:16:31.383 [TestNG-tests-1] JavaStartSeleniumRozdzial_9.utils.testng.listeners.TestListener - Test asUserTryToLogInWithIncorrectLoginAndPassword failed!
[INFO ] 2022-04-24 15:16:31.403 [TestNG-tests-3] JavaStartSeleniumRozdzial_9.driver.listeners.DriverEventListener - Found WebElement with locator By.cssSelector: a.Button[href$="EST-1"]
[INFO ] 2022-04-24 15:16:31.404 [TestNG-tests-3] JavaStartSeleniumRozdzial_9.driver.listeners.DriverEventListener - Trying to click WebElement
[INFO ] 2022-04-24 15:16:31.516 [TestNG-tests-3] JavaStartSeleniumRozdzial_9.driver.listeners.DriverEventListener - Clicked WebElement
[INFO ] 2022-04-24 15:16:31.516 [TestNG-tests-3] JavaStartSeleniumRozdzial_9.page.objects.AngelfishListPage - Clicked on add to card large Angelfish button
[INFO ] 2022-04-24 15:16:31.519 [TestNG-tests-3] JavaStartSeleniumRozdzial_9.driver.listeners.DriverEventListener - Trying to find WebElement with locator By.cssSelector: a[href$="newOrderForm="]
[INFO ] 2022-04-24 15:16:31.539 [TestNG-tests-3] JavaStartSeleniumRozdzial_9.driver.listeners.DriverEventListener - Found WebElement with locator By.cssSelector: a[href$="newOrderForm="]
[INFO ] 2022-04-24 15:16:31.556 [TestNG-tests-3] JavaStartSeleniumRozdzial_9.driver.listeners.DriverEventListener - Trying to find WebElement with locator By.cssSelector: a[href$="newOrderForm="]
[INFO ] 2022-04-24 15:16:31.573 [TestNG-tests-3] JavaStartSeleniumRozdzial_9.driver.listeners.DriverEventListener - Found WebElement with locator By.cssSelector: a[href$="newOrderForm="]
[INFO ] 2022-04-24 15:16:31.574 [TestNG-tests-3] JavaStartSeleniumRozdzial_9.driver.listeners.DriverEventListener - Trying to click WebElement
]]></system-out>
  </testcase>
  <testcase name="asNotLoggedInUserIShallNotProceedToCheckout" classname="JavaStartSeleniumRozdzial_9.tests.ShoppingCartTest" time="1.274">
    <system-out><![CDATA[[INFO ] 2022-04-24 15:16:31.659 [TestNG-tests-3] JavaStartSeleniumRozdzial_9.driver.listeners.DriverEventListener - Clicked WebElement
[INFO ] 2022-04-24 15:16:31.660 [TestNG-tests-3] JavaStartSeleniumRozdzial_9.page.objects.ShoppingCartPage - Clicked on Proceed to Checkout Button
[INFO ] 2022-04-24 15:16:31.661 [TestNG-tests-3] JavaStartSeleniumRozdzial_9.page.objects.LoginPage - Checking if warning message You must sign on before attempting to check out. Please sign on and try checking out again. is displayed
[INFO ] 2022-04-24 15:16:31.661 [TestNG-tests-3] JavaStartSeleniumRozdzial_9.driver.listeners.DriverEventListener - Trying to find WebElement with locator By.cssSelector: #Content ul[class='messages'] li
[INFO ] 2022-04-24 15:16:31.686 [TestNG-tests-3] JavaStartSeleniumRozdzial_9.driver.listeners.DriverEventListener - Found WebElement with locator By.cssSelector: #Content ul[class='messages'] li
[INFO ] 2022-04-24 15:16:31.709 [TestNG-tests-3] JavaStartSeleniumRozdzial_9.generic.assertions.AssertWebElement - Checking if element is displayed
[INFO ] 2022-04-24 15:16:31.709 [TestNG-tests-3] JavaStartSeleniumRozdzial_9.driver.listeners.DriverEventListener - Trying to find WebElement with locator By.cssSelector: #Content ul[class='messages'] li
[INFO ] 2022-04-24 15:16:31.726 [TestNG-tests-3] JavaStartSeleniumRozdzial_9.driver.listeners.DriverEventListener - Found WebElement with locator By.cssSelector: #Content ul[class='messages'] li
[INFO ] 2022-04-24 15:16:31.742 [TestNG-tests-3] JavaStartSeleniumRozdzial_9.generic.assertions.AssertWebElement - WebElement was displayed!
[INFO ] 2022-04-24 15:16:31.742 [TestNG-tests-3] JavaStartSeleniumRozdzial_9.generic.assertions.AssertWebElement - Checking if WebElement has text: You must sign on before attempting to check out. Please sign on and try checking out again.
[INFO ] 2022-04-24 15:16:31.742 [TestNG-tests-3] JavaStartSeleniumRozdzial_9.driver.listeners.DriverEventListener - Trying to find WebElement with locator By.cssSelector: #Content ul[class='messages'] li
[INFO ] 2022-04-24 15:16:31.758 [TestNG-tests-3] JavaStartSeleniumRozdzial_9.driver.listeners.DriverEventListener - Found WebElement with locator By.cssSelector: #Content ul[class='messages'] li
[INFO ] 2022-04-24 15:16:31.774 [TestNG-tests-3] JavaStartSeleniumRozdzial_9.generic.assertions.AssertWebElement - WebElement had expected text!
[INFO ] 2022-04-24 15:16:31.774 [TestNG-tests-3] JavaStartSeleniumRozdzial_9.utils.testng.listeners.TestListener - Test asNotLoggedInUserIShallNotProceedToCheckout passed successfully
]]></system-out>
  </testcase>
</testsuite>